#
# There is insufficient memory for the Java Runtime Environment to continue.
# Native memory allocation (malloc) failed to allocate 32744 bytes for ChunkPool::allocate
# Possible reasons:
#   The system is out of physical RAM or swap space
#   In 32 bit mode, the process size limit was hit
# Possible solutions:
#   Reduce memory load on the system
#   Increase physical memory or swap space
#   Check if swap backing store is full
#   Use 64 bit Java on a 64 bit OS
#   Decrease Java heap size (-Xmx/-Xms)
#   Decrease number of Java threads
#   Decrease Java thread stack sizes (-Xss)
#   Set larger code cache with -XX:ReservedCodeCacheSize=
# This output file may be truncated or incomplete.
#
#  Out of Memory Error (allocation.cpp:273), pid=11432, tid=0x0000000000002238
#
# JRE version: Java(TM) SE Runtime Environment (8.0_111-b14) (build 1.8.0_111-b14)
# Java VM: Java HotSpot(TM) 64-Bit Server VM (25.111-b14 mixed mode windows-amd64 compressed oops)
# Failed to write core dump. Minidumps are not enabled by default on client versions of Windows
#

---------------  T H R E A D  ---------------

Current thread (0x0000000014f9c000):  JavaThread "C1 CompilerThread1" daemon [_thread_in_native, id=8760, stack(0x0000000016110000,0x0000000016210000)]

Stack: [0x0000000016110000,0x0000000016210000]
[error occurred during error reporting (printing stack bounds), id 0xc0000005]

Native frames: (J=compiled Java code, j=interpreted, Vv=VM code, C=native code)


Current CompileTask:
C1:    889  402       3       javax.swing.plaf.nimbus.NimbusStyle::validate (1178 bytes)


---------------  P R O C E S S  ---------------

Java Threads: ( => current thread )
  0x0000000002bd0800 JavaThread "DestroyJavaVM" [_thread_blocked, id=9080, stack(0x0000000002ad0000,0x0000000002bd0000)]
  0x0000000017214000 JavaThread "AWT-EventQueue-0" [_thread_in_Java, id=15412, stack(0x00000000179c0000,0x0000000017ac0000)]
  0x0000000016952000 JavaThread "AWT-Windows" daemon [_thread_in_native, id=12844, stack(0x0000000016b80000,0x0000000016c80000)]
  0x0000000016951000 JavaThread "AWT-Shutdown" [_thread_blocked, id=5312, stack(0x0000000016a80000,0x0000000016b80000)]
  0x0000000016950800 JavaThread "Java2D Disposer" daemon [_thread_blocked, id=16076, stack(0x0000000016980000,0x0000000016a80000)]
  0x0000000015003800 JavaThread "Service Thread" daemon [_thread_blocked, id=13352, stack(0x0000000016210000,0x0000000016310000)]
=>0x0000000014f9c000 JavaThread "C1 CompilerThread1" daemon [_thread_in_native, id=8760, stack(0x0000000016110000,0x0000000016210000)]
  0x0000000014f99000 JavaThread "C2 CompilerThread0" daemon [_thread_blocked, id=11780, stack(0x0000000016010000,0x0000000016110000)]
  0x0000000014f97800 JavaThread "Attach Listener" daemon [_thread_blocked, id=9976, stack(0x0000000015f10000,0x0000000016010000)]
  0x0000000014f94000 JavaThread "Signal Dispatcher" daemon [_thread_blocked, id=3544, stack(0x0000000015e10000,0x0000000015f10000)]
  0x0000000014f88800 JavaThread "Finalizer" daemon [_thread_blocked, id=15536, stack(0x0000000015bf0000,0x0000000015cf0000)]
  0x0000000002cbc800 JavaThread "Reference Handler" daemon [_thread_blocked, id=13936, stack(0x0000000015af0000,0x0000000015bf0000)]

Other Threads:
  0x0000000014f67000 VMThread [stack: 0x00000000159f0000,0x0000000015af0000] [id=10632]
  0x0000000015022000 WatcherThread [stack: 0x0000000016480000,0x0000000016580000] [id=6984]

VM state:not at safepoint (normal execution)

VM Mutex/Monitor currently owned by a thread: None

Heap:
 PSYoungGen      total 18432K, used 5406K [0x00000000ebb00000, 0x00000000ecf80000, 0x0000000100000000)
  eden space 15872K, 34% used [0x00000000ebb00000,0x00000000ec047a28,0x00000000eca80000)
  from space 2560K, 0% used [0x00000000ecd00000,0x00000000ecd00000,0x00000000ecf80000)
  to   space 2560K, 0% used [0x00000000eca80000,0x00000000eca80000,0x00000000ecd00000)
 ParOldGen       total 42496K, used 0K [0x00000000c3000000, 0x00000000c5980000, 0x00000000ebb00000)
  object space 42496K, 0% used [0x00000000c3000000,0x00000000c3000000,0x00000000c5980000)
 Metaspace       used 9651K, capacity 9834K, committed 10112K, reserved 1058816K
  class space    used 1240K, capacity 1317K, committed 1408K, reserved 1048576K

Card table byte_map: [0x0000000012090000,0x0000000012280000] byte_map_base: 0x0000000011a78000

Marking Bits: (ParMarkBitMap*) 0x0000000065eca6c0
 Begin Bits: [0x00000000125d0000, 0x0000000013510000)
 End Bits:   [0x0000000013510000, 0x0000000014450000)

Polling page: 0x0000000000e80000

CodeCache: size=245760Kb used=1894Kb max_used=1906Kb free=243865Kb
 bounds [0x0000000002cd0000, 0x0000000002f40000, 0x0000000011cd0000]
 total_blobs=797 nmethods=401 adapters=310
 compilation: enabled

Compilation events (10 events):
Event: 0.869 Thread 0x0000000014f9c000 nmethod 397 0x0000000002ea7a90 code [0x0000000002ea7be0, 0x0000000002ea7d30]
Event: 0.869 Thread 0x0000000014f9c000  398       3       sun.awt.SunToolkit::isInstanceOf (71 bytes)
Event: 0.870 Thread 0x0000000014f9c000 nmethod 398 0x0000000002ea7dd0 code [0x0000000002ea7fc0, 0x0000000002ea8888]
Event: 0.873 Thread 0x0000000014f9c000  399       3       java.io.File::isInvalid (47 bytes)
Event: 0.873 Thread 0x0000000014f9c000 nmethod 399 0x0000000002ea8bd0 code [0x0000000002ea8d40, 0x0000000002ea9168]
Event: 0.875 Thread 0x0000000014f99000  400       4       java.lang.String::indexOf (166 bytes)
Event: 0.876 Thread 0x0000000014f9c000  401       1       java.net.URL::getQuery (5 bytes)
Event: 0.877 Thread 0x0000000014f9c000 nmethod 401 0x0000000002ea9250 code [0x0000000002ea93a0, 0x0000000002ea94b0]
Event: 0.877 Thread 0x0000000014f9c000  402       3       javax.swing.plaf.nimbus.NimbusStyle::validate (1178 bytes)
Event: 0.882 Thread 0x0000000014f99000 nmethod 400 0x0000000002eac610 code [0x0000000002eac760, 0x0000000002eacc38]

GC Heap History (0 events):
No events

Deoptimization events (0 events):
No events

Internal exceptions (10 events):
Event: 0.691 Thread 0x0000000002bd0800 Exception <a 'java/lang/ClassNotFoundException': ToolBar> (0x00000000ebe80098) thrown at [C:\re\workspace\8-2-build-windows-amd64-cygwin\jdk8u111\7883\hotspot\src\share\vm\classfile\systemDictionary.cpp, line 210]
Event: 0.691 Thread 0x0000000002bd0800 Exception <a 'java/lang/ClassNotFoundException': ToggleButton> (0x00000000ebe80648) thrown at [C:\re\workspace\8-2-build-windows-amd64-cygwin\jdk8u111\7883\hotspot\src\share\vm\classfile\systemDictionary.cpp, line 210]
Event: 0.691 Thread 0x0000000002bd0800 Exception <a 'java/lang/ClassNotFoundException': javax/swing/JToolBarSeparator> (0x00000000ebe80aa8) thrown at [C:\re\workspace\8-2-build-windows-amd64-cygwin\jdk8u111\7883\hotspot\src\share\vm\classfile\systemDictionary.cpp, line 210]
Event: 0.691 Thread 0x0000000002bd0800 Exception <a 'java/lang/ClassNotFoundException': ToolBarSeparator> (0x00000000ebe80f40) thrown at [C:\re\workspace\8-2-build-windows-amd64-cygwin\jdk8u111\7883\hotspot\src\share\vm\classfile\systemDictionary.cpp, line 210]
Event: 0.692 Thread 0x0000000002bd0800 Exception <a 'java/lang/ClassNotFoundException': ToolTip> (0x00000000ebe81680) thrown at [C:\re\workspace\8-2-build-windows-amd64-cygwin\jdk8u111\7883\hotspot\src\share\vm\classfile\systemDictionary.cpp, line 210]
Event: 0.694 Thread 0x0000000002bd0800 Exception <a 'java/lang/ClassNotFoundException': Tree> (0x00000000ebe822a0) thrown at [C:\re\workspace\8-2-build-windows-amd64-cygwin\jdk8u111\7883\hotspot\src\share\vm\classfile\systemDictionary.cpp, line 210]
Event: 0.694 Thread 0x0000000002bd0800 Exception <a 'java/lang/ClassNotFoundException': Tree> (0x00000000ebe829e0) thrown at [C:\re\workspace\8-2-build-windows-amd64-cygwin\jdk8u111\7883\hotspot\src\share\vm\classfile\systemDictionary.cpp, line 210]
Event: 0.694 Thread 0x0000000002bd0800 Exception <a 'java/lang/ClassNotFoundException': javax/swing/JTreeCell> (0x00000000ebe82d60) thrown at [C:\re\workspace\8-2-build-windows-amd64-cygwin\jdk8u111\7883\hotspot\src\share\vm\classfile\systemDictionary.cpp, line 210]
Event: 0.694 Thread 0x0000000002bd0800 Exception <a 'java/lang/ClassNotFoundException': TreeCell> (0x00000000ebe831e8) thrown at [C:\re\workspace\8-2-build-windows-amd64-cygwin\jdk8u111\7883\hotspot\src\share\vm\classfile\systemDictionary.cpp, line 210]
Event: 0.696 Thread 0x0000000002bd0800 Exception <a 'java/lang/ClassNotFoundException': RootPane> (0x00000000ebe83c48) thrown at [C:\re\workspace\8-2-build-windows-amd64-cygwin\jdk8u111\7883\hotspot\src\share\vm\classfile\systemDictionary.cpp, line 210]

Events (10 events):
Event: 0.872 loading class java/awt/event/MouseEvent done
Event: 0.872 loading class sun/awt/dnd/SunDropTargetEvent done
Event: 0.872 loading class java/awt/event/FocusEvent
Event: 0.873 loading class java/awt/event/FocusEvent done
Event: 0.873 loading class Vistas/menuprincipal$8
Event: 0.873 loading class Vistas/menuprincipal$8 done
Event: 0.875 loading class Vistas/menuprincipal$9
Event: 0.875 loading class Vistas/menuprincipal$9 done
Event: 0.883 loading class Vistas/menuprincipal$10
Event: 0.883 loading class Vistas/menuprincipal$10 done


Dynamic libraries:
0x00007ff686ee0000 - 0x00007ff686f17000 	C:\Program Files\Java\jdk1.8.0_111\bin\java.exe
0x00007ffb5bcb0000 - 0x00007ffb5bea7000 	C:\Windows\SYSTEM32\ntdll.dll
0x00007ffb5adb0000 - 0x00007ffb5ae6d000 	C:\Windows\System32\KERNEL32.DLL
0x00007ffb59390000 - 0x00007ffb59686000 	C:\Windows\System32\KERNELBASE.dll
0x00007ffb59ec0000 - 0x00007ffb59f6e000 	C:\Windows\System32\ADVAPI32.dll
0x00007ffb5a020000 - 0x00007ffb5a0be000 	C:\Windows\System32\msvcrt.dll
0x00007ffb5afa0000 - 0x00007ffb5b03c000 	C:\Windows\System32\sechost.dll
0x00007ffb5b180000 - 0x00007ffb5b2a6000 	C:\Windows\System32\RPCRT4.dll
0x00007ffb5aac0000 - 0x00007ffb5ac5e000 	C:\Windows\System32\USER32.dll
0x00007ffb599e0000 - 0x00007ffb59a02000 	C:\Windows\System32\win32u.dll
0x00007ffb5b390000 - 0x00007ffb5b3bc000 	C:\Windows\System32\GDI32.dll
0x00007ffb59bf0000 - 0x00007ffb59d0a000 	C:\Windows\System32\gdi32full.dll
0x00007ffb59940000 - 0x00007ffb599dd000 	C:\Windows\System32\msvcp_win.dll
0x00007ffb59a40000 - 0x00007ffb59b40000 	C:\Windows\System32\ucrtbase.dll
0x00007ffb3f8d0000 - 0x00007ffb3fb6a000 	C:\Windows\WinSxS\amd64_microsoft.windows.common-controls_6595b64144ccf1df_6.0.19041.3570_none_60bb2a3971f3e41a\COMCTL32.dll
0x00007ffb5b3c0000 - 0x00007ffb5b3f0000 	C:\Windows\System32\IMM32.DLL
0x00000000655d0000 - 0x00000000656a2000 	C:\Program Files\Java\jdk1.8.0_111\jre\bin\msvcr100.dll
0x00000000656b0000 - 0x0000000065f4a000 	C:\Program Files\Java\jdk1.8.0_111\jre\bin\server\jvm.dll
0x00007ffb5b3f0000 - 0x00007ffb5b3f8000 	C:\Windows\System32\PSAPI.DLL
0x00007ffb3c640000 - 0x00007ffb3c649000 	C:\Windows\SYSTEM32\WSOCK32.dll
0x00007ffb5b110000 - 0x00007ffb5b17b000 	C:\Windows\System32\WS2_32.dll
0x00007ffb3b1e0000 - 0x00007ffb3b207000 	C:\Windows\SYSTEM32\WINMM.dll
0x00007ffb4f1f0000 - 0x00007ffb4f1fa000 	C:\Windows\SYSTEM32\VERSION.dll
0x0000000065580000 - 0x000000006558f000 	C:\Program Files\Java\jdk1.8.0_111\jre\bin\verify.dll
0x0000000065550000 - 0x0000000065579000 	C:\Program Files\Java\jdk1.8.0_111\jre\bin\java.dll
0x0000000065530000 - 0x0000000065546000 	C:\Program Files\Java\jdk1.8.0_111\jre\bin\zip.dll
0x00007ffb5b520000 - 0x00007ffb5bc64000 	C:\Windows\System32\SHELL32.dll
0x00007ffb56fb0000 - 0x00007ffb5774b000 	C:\Windows\SYSTEM32\windows.storage.dll
0x00007ffb5a5a0000 - 0x00007ffb5a8f4000 	C:\Windows\System32\combase.dll
0x00007ffb58d00000 - 0x00007ffb58d2d000 	C:\Windows\SYSTEM32\Wldp.dll
0x00007ffb5a900000 - 0x00007ffb5a9ad000 	C:\Windows\System32\SHCORE.dll
0x00007ffb5aa40000 - 0x00007ffb5aa95000 	C:\Windows\System32\shlwapi.dll
0x00007ffb592c0000 - 0x00007ffb592e5000 	C:\Windows\SYSTEM32\profapi.dll
0x0000000065350000 - 0x00000000654e8000 	C:\Program Files\Java\jdk1.8.0_111\jre\bin\awt.dll
0x00007ffb5b040000 - 0x00007ffb5b10d000 	C:\Windows\System32\OLEAUT32.dll
0x00007ffb56710000 - 0x00007ffb567a0000 	C:\Windows\SYSTEM32\apphelp.dll
0x00007ffb56810000 - 0x00007ffb568ae000 	C:\Windows\system32\uxtheme.dll
0x00007ffb5b400000 - 0x00007ffb5b514000 	C:\Windows\System32\MSCTF.dll
0x00007ffb5ae70000 - 0x00007ffb5af9b000 	C:\Windows\System32\ole32.dll
0x00007ffb57c10000 - 0x00007ffb57c22000 	C:\Windows\SYSTEM32\kernel.appcore.dll
0x00007ffb59750000 - 0x00007ffb597d2000 	C:\Windows\System32\bcryptPrimitives.dll
0x00007ffb56bd0000 - 0x00007ffb56bff000 	C:\Windows\system32\DWMAPI.DLL
0x0000000065300000 - 0x0000000065347000 	C:\Program Files\Java\jdk1.8.0_111\jre\bin\fontmanager.dll

VM Arguments:
jvm_args: -Dfile.encoding=UTF-8 
java_command: Vistas.menuprincipal
java_class_path (initial): C:\Users\bmt\Downloads\mariadb-java-client-3.0.11.jar;C:\Users\bmt\Downloads\jcalendar-1.4\lib\jcalendar-1.4.jar;C:\Users\bmt\Documents\NetBeansProjects\elgranhotel\build\classes
Launcher Type: SUN_STANDARD

Environment Variables:
PATH=C:\Program Files (x86)\Common Files\Oracle\Java\javapath;C:\Windows\system32;C:\Windows;C:\Windows\System32\Wbem;C:\Windows\System32\WindowsPowerShell\v1.0\;C:\Windows\System32\OpenSSH\;C:\Program Files\Git\cmd;C:\Users\bmt\AppData\Local\Microsoft\WindowsApps;C:\Users\bmt\AppData\Local\GitHubDesktop\bin
USERNAME=bmt
OS=Windows_NT
PROCESSOR_IDENTIFIER=Intel64 Family 6 Model 122 Stepping 8, GenuineIntel



---------------  S Y S T E M  ---------------

OS: Windows 10.0 , 64 bit Build 19041 (10.0.19041.3570)

CPU:total 2 (2 cores per cpu, 1 threads per core) family 6 model 122 stepping 8, cmov, cx8, fxsr, mmx, sse, sse2, sse3, ssse3, sse4.1, sse4.2, popcnt, aes, clmul, erms, 3dnowpref, tsc, tscinvbit

Memory: 4k page, physical 3991884k(353604k free), swap 11462216k(212k free)

vm_info: Java HotSpot(TM) 64-Bit Server VM (25.111-b14) for windows-amd64 JRE (1.8.0_111-b14), built on Sep 22 2016 19:24:05 by "java_re" with MS VC++ 10.0 (VS2010)

time: Mon Oct 30 05:27:28 2023
elapsed time: 0 seconds (0d 0h 0m 0s)

