#
# There is insufficient memory for the Java Runtime Environment to continue.
# Native memory allocation (malloc) failed to allocate 32744 bytes for ChunkPool::allocate
# Possible reasons:
#   The system is out of physical RAM or swap space
#   In 32 bit mode, the process size limit was hit
# Possible solutions:
#   Reduce memory load on the system
#   Increase physical memory or swap space
#   Check if swap backing store is full
#   Use 64 bit Java on a 64 bit OS
#   Decrease Java heap size (-Xmx/-Xms)
#   Decrease number of Java threads
#   Decrease Java thread stack sizes (-Xss)
#   Set larger code cache with -XX:ReservedCodeCacheSize=
# This output file may be truncated or incomplete.
#
#  Out of Memory Error (allocation.cpp:273), pid=6836, tid=0x0000000000003d00
#
# JRE version: Java(TM) SE Runtime Environment (8.0_111-b14) (build 1.8.0_111-b14)
# Java VM: Java HotSpot(TM) 64-Bit Server VM (25.111-b14 mixed mode windows-amd64 compressed oops)
# Failed to write core dump. Minidumps are not enabled by default on client versions of Windows
#

---------------  T H R E A D  ---------------

Current thread (0x0000000014b23800):  JavaThread "C1 CompilerThread1" daemon [_thread_in_native, id=15616, stack(0x0000000015c20000,0x0000000015d20000)]

Stack: [0x0000000015c20000,0x0000000015d20000]
[error occurred during error reporting (printing stack bounds), id 0xc0000005]

Native frames: (J=compiled Java code, j=interpreted, Vv=VM code, C=native code)


Current CompileTask:
C1:   6063 1275   !   3       java.awt.DefaultKeyboardFocusManager::dispatchEvent (1589 bytes)


---------------  P R O C E S S  ---------------

Java Threads: ( => current thread )
  0x0000000017054800 JavaThread "TimerQueue" daemon [_thread_blocked, id=13868, stack(0x00000000185a0000,0x00000000186a0000)]
  0x0000000002700800 JavaThread "DestroyJavaVM" [_thread_blocked, id=4912, stack(0x0000000002460000,0x0000000002560000)]
  0x000000001646b000 JavaThread "AWT-EventQueue-0" [_thread_blocked, id=4500, stack(0x0000000017560000,0x0000000017660000)]
  0x0000000016459800 JavaThread "AWT-Windows" daemon [_thread_in_native, id=3752, stack(0x0000000016690000,0x0000000016790000)]
  0x0000000016408800 JavaThread "AWT-Shutdown" [_thread_blocked, id=1948, stack(0x0000000016590000,0x0000000016690000)]
  0x0000000016407000 JavaThread "Java2D Disposer" daemon [_thread_blocked, id=1808, stack(0x0000000016490000,0x0000000016590000)]
  0x0000000014b32800 JavaThread "Service Thread" daemon [_thread_blocked, id=6120, stack(0x0000000015d20000,0x0000000015e20000)]
=>0x0000000014b23800 JavaThread "C1 CompilerThread1" daemon [_thread_in_native, id=15616, stack(0x0000000015c20000,0x0000000015d20000)]
  0x0000000014ac8800 JavaThread "C2 CompilerThread0" daemon [_thread_blocked, id=15368, stack(0x0000000015b20000,0x0000000015c20000)]
  0x0000000014ac7000 JavaThread "Attach Listener" daemon [_thread_blocked, id=15768, stack(0x0000000015a20000,0x0000000015b20000)]
  0x0000000014ac4000 JavaThread "Signal Dispatcher" daemon [_thread_blocked, id=5444, stack(0x0000000015920000,0x0000000015a20000)]
  0x0000000014ab8800 JavaThread "Finalizer" daemon [_thread_blocked, id=10472, stack(0x0000000015700000,0x0000000015800000)]
  0x00000000027ec800 JavaThread "Reference Handler" daemon [_thread_blocked, id=16316, stack(0x0000000015600000,0x0000000015700000)]

Other Threads:
  0x0000000014a97000 VMThread [stack: 0x0000000015500000,0x0000000015600000] [id=4312]
  0x0000000014b2d000 WatcherThread [stack: 0x0000000015f90000,0x0000000016090000] [id=3640]

VM state:not at safepoint (normal execution)

VM Mutex/Monitor currently owned by a thread: None

Heap:
 PSYoungGen      total 18432K, used 5358K [0x00000000ebb00000, 0x00000000ecf80000, 0x0000000100000000)
  eden space 15872K, 33% used [0x00000000ebb00000,0x00000000ec03b8a8,0x00000000eca80000)
  from space 2560K, 0% used [0x00000000eca80000,0x00000000eca80000,0x00000000ecd00000)
  to   space 2560K, 0% used [0x00000000ecd00000,0x00000000ecd00000,0x00000000ecf80000)
 ParOldGen       total 30208K, used 4396K [0x00000000c3000000, 0x00000000c4d80000, 0x00000000ebb00000)
  object space 30208K, 14% used [0x00000000c3000000,0x00000000c344b138,0x00000000c4d80000)
 Metaspace       used 15311K, capacity 15506K, committed 15616K, reserved 1062912K
  class space    used 1925K, capacity 2011K, committed 2048K, reserved 1048576K

Card table byte_map: [0x0000000011bc0000,0x0000000011db0000] byte_map_base: 0x00000000115a8000

Marking Bits: (ParMarkBitMap*) 0x0000000065eca6c0
 Begin Bits: [0x0000000012100000, 0x0000000013040000)
 End Bits:   [0x0000000013040000, 0x0000000013f80000)

Polling page: 0x0000000000a40000

CodeCache: size=245760Kb used=3971Kb max_used=3972Kb free=241788Kb
 bounds [0x0000000002800000, 0x0000000002bf0000, 0x0000000011800000]
 total_blobs=1796 nmethods=1274 adapters=435
 compilation: enabled

Compilation events (10 events):
Event: 5.891 Thread 0x0000000014b23800 nmethod 1270 0x0000000002be23d0 code [0x0000000002be2540, 0x0000000002be2828]
Event: 5.979 Thread 0x0000000014b23800 1271       3       java.awt.EventQueue::setCurrentEventAndMostRecentTime (8 bytes)
Event: 5.979 Thread 0x0000000014b23800 nmethod 1271 0x0000000002be1890 code [0x0000000002be1a60, 0x0000000002be2098]
Event: 5.986 Thread 0x0000000014b23800 1272       3       java.awt.event.InputEvent::consume (6 bytes)
Event: 5.987 Thread 0x0000000014b23800 nmethod 1272 0x0000000002be1590 code [0x0000000002be16e0, 0x0000000002be1830]
Event: 5.995 Thread 0x0000000014b23800 1273       3       sun.awt.SunToolkit::getSystemEventQueueImpl (4 bytes)
Event: 5.995 Thread 0x0000000014b23800 nmethod 1273 0x0000000002be0e90 code [0x0000000002be1020, 0x0000000002be13f8]
Event: 6.018 Thread 0x0000000014b23800 1274   !   3       java.awt.event.InputEvent::canAccessSystemClipboard (57 bytes)
Event: 6.019 Thread 0x0000000014b23800 nmethod 1274 0x0000000002bdff10 code [0x0000000002be0120, 0x0000000002be0a78]
Event: 6.034 Thread 0x0000000014b23800 1275   !   3       java.awt.DefaultKeyboardFocusManager::dispatchEvent (1589 bytes)

GC Heap History (4 events):
Event: 4.397 GC heap before
{Heap before GC invocations=1 (full 0):
 PSYoungGen      total 18432K, used 12403K [0x00000000ebb00000, 0x00000000ecf80000, 0x0000000100000000)
  eden space 15872K, 78% used [0x00000000ebb00000,0x00000000ec71ce80,0x00000000eca80000)
  from space 2560K, 0% used [0x00000000ecd00000,0x00000000ecd00000,0x00000000ecf80000)
  to   space 2560K, 0% used [0x00000000eca80000,0x00000000eca80000,0x00000000ecd00000)
 ParOldGen       total 42496K, used 0K [0x00000000c3000000, 0x00000000c5980000, 0x00000000ebb00000)
  object space 42496K, 0% used [0x00000000c3000000,0x00000000c3000000,0x00000000c5980000)
 Metaspace       used 13438K, capacity 13678K, committed 13824K, reserved 1060864K
  class space    used 1719K, capacity 1785K, committed 1792K, reserved 1048576K
Event: 4.465 GC heap after
Heap after GC invocations=1 (full 0):
 PSYoungGen      total 18432K, used 2538K [0x00000000ebb00000, 0x00000000ecf80000, 0x0000000100000000)
  eden space 15872K, 0% used [0x00000000ebb00000,0x00000000ebb00000,0x00000000eca80000)
  from space 2560K, 99% used [0x00000000eca80000,0x00000000eccfabd0,0x00000000ecd00000)
  to   space 2560K, 0% used [0x00000000ecd00000,0x00000000ecd00000,0x00000000ecf80000)
 ParOldGen       total 42496K, used 1980K [0x00000000c3000000, 0x00000000c5980000, 0x00000000ebb00000)
  object space 42496K, 4% used [0x00000000c3000000,0x00000000c31ef3a8,0x00000000c5980000)
 Metaspace       used 13438K, capacity 13678K, committed 13824K, reserved 1060864K
  class space    used 1719K, capacity 1785K, committed 1792K, reserved 1048576K
}
Event: 4.465 GC heap before
{Heap before GC invocations=2 (full 1):
 PSYoungGen      total 18432K, used 2538K [0x00000000ebb00000, 0x00000000ecf80000, 0x0000000100000000)
  eden space 15872K, 0% used [0x00000000ebb00000,0x00000000ebb00000,0x00000000eca80000)
  from space 2560K, 99% used [0x00000000eca80000,0x00000000eccfabd0,0x00000000ecd00000)
  to   space 2560K, 0% used [0x00000000ecd00000,0x00000000ecd00000,0x00000000ecf80000)
 ParOldGen       total 42496K, used 1980K [0x00000000c3000000, 0x00000000c5980000, 0x00000000ebb00000)
  object space 42496K, 4% used [0x00000000c3000000,0x00000000c31ef3a8,0x00000000c5980000)
 Metaspace       used 13438K, capacity 13678K, committed 13824K, reserved 1060864K
  class space    used 1719K, capacity 1785K, committed 1792K, reserved 1048576K
Event: 4.529 GC heap after
Heap after GC invocations=2 (full 1):
 PSYoungGen      total 18432K, used 0K [0x00000000ebb00000, 0x00000000ecf80000, 0x0000000100000000)
  eden space 15872K, 0% used [0x00000000ebb00000,0x00000000ebb00000,0x00000000eca80000)
  from space 2560K, 0% used [0x00000000eca80000,0x00000000eca80000,0x00000000ecd00000)
  to   space 2560K, 0% used [0x00000000ecd00000,0x00000000ecd00000,0x00000000ecf80000)
 ParOldGen       total 30208K, used 4396K [0x00000000c3000000, 0x00000000c4d80000, 0x00000000ebb00000)
  object space 30208K, 14% used [0x00000000c3000000,0x00000000c344b138,0x00000000c4d80000)
 Metaspace       used 13438K, capacity 13678K, committed 13824K, reserved 1060864K
  class space    used 1719K, capacity 1785K, committed 1792K, reserved 1048576K
}

Deoptimization events (9 events):
Event: 0.762 Thread 0x000000001646b000 Uncommon trap: reason=bimorphic action=maybe_recompile pc=0x0000000002a0893c method=java.util.HashMap.putVal(ILjava/lang/Object;Ljava/lang/Object;ZZ)Ljava/lang/Object; @ 152
Event: 0.860 Thread 0x000000001646b000 Uncommon trap: reason=unstable_if action=reinterpret pc=0x0000000002a08574 method=java.util.HashMap.putVal(ILjava/lang/Object;Ljava/lang/Object;ZZ)Ljava/lang/Object; @ 206
Event: 0.978 Thread 0x000000001646b000 Uncommon trap: reason=unstable_if action=reinterpret pc=0x0000000002a5c7dc method=java.awt.MultipleGradientPaintContext.indexIntoGradientsArrays(F)I @ 13
Event: 1.016 Thread 0x000000001646b000 Uncommon trap: reason=predicate action=maybe_recompile pc=0x0000000002a42668 method=java.util.ArrayList.indexOf(Ljava/lang/Object;)I @ 44
Event: 2.412 Thread 0x000000001646b000 Uncommon trap: reason=class_check action=maybe_recompile pc=0x000000000297d4a8 method=java.lang.String.equals(Ljava/lang/Object;)Z @ 8
Event: 2.413 Thread 0x000000001646b000 Uncommon trap: reason=class_check action=maybe_recompile pc=0x000000000297d4a8 method=java.lang.String.equals(Ljava/lang/Object;)Z @ 8
Event: 2.413 Thread 0x000000001646b000 Uncommon trap: reason=class_check action=maybe_recompile pc=0x000000000297d4a8 method=java.lang.String.equals(Ljava/lang/Object;)Z @ 8
Event: 2.953 Thread 0x000000001646b000 Uncommon trap: reason=class_check action=maybe_recompile pc=0x000000000297d4a8 method=java.lang.String.equals(Ljava/lang/Object;)Z @ 8
Event: 4.301 Thread 0x000000001646b000 Uncommon trap: reason=unstable_if action=reinterpret pc=0x0000000002a215b0 method=java.lang.String.<init>([CII)V @ 18

Internal exceptions (10 events):
Event: 0.536 Thread 0x0000000002700800 Exception <a 'java/lang/ClassNotFoundException': ToggleButton> (0x00000000ebe81648) thrown at [C:\re\workspace\8-2-build-windows-amd64-cygwin\jdk8u111\7883\hotspot\src\share\vm\classfile\systemDictionary.cpp, line 210]
Event: 0.536 Thread 0x0000000002700800 Exception <a 'java/lang/ClassNotFoundException': javax/swing/JToolBarSeparator> (0x00000000ebe81aa8) thrown at [C:\re\workspace\8-2-build-windows-amd64-cygwin\jdk8u111\7883\hotspot\src\share\vm\classfile\systemDictionary.cpp, line 210]
Event: 0.536 Thread 0x0000000002700800 Exception <a 'java/lang/ClassNotFoundException': ToolBarSeparator> (0x00000000ebe81f40) thrown at [C:\re\workspace\8-2-build-windows-amd64-cygwin\jdk8u111\7883\hotspot\src\share\vm\classfile\systemDictionary.cpp, line 210]
Event: 0.536 Thread 0x0000000002700800 Exception <a 'java/lang/ClassNotFoundException': ToolTip> (0x00000000ebe82680) thrown at [C:\re\workspace\8-2-build-windows-amd64-cygwin\jdk8u111\7883\hotspot\src\share\vm\classfile\systemDictionary.cpp, line 210]
Event: 0.538 Thread 0x0000000002700800 Exception <a 'java/lang/ClassNotFoundException': Tree> (0x00000000ebe832a0) thrown at [C:\re\workspace\8-2-build-windows-amd64-cygwin\jdk8u111\7883\hotspot\src\share\vm\classfile\systemDictionary.cpp, line 210]
Event: 0.538 Thread 0x0000000002700800 Exception <a 'java/lang/ClassNotFoundException': Tree> (0x00000000ebe839e0) thrown at [C:\re\workspace\8-2-build-windows-amd64-cygwin\jdk8u111\7883\hotspot\src\share\vm\classfile\systemDictionary.cpp, line 210]
Event: 0.538 Thread 0x0000000002700800 Exception <a 'java/lang/ClassNotFoundException': javax/swing/JTreeCell> (0x00000000ebe83d60) thrown at [C:\re\workspace\8-2-build-windows-amd64-cygwin\jdk8u111\7883\hotspot\src\share\vm\classfile\systemDictionary.cpp, line 210]
Event: 0.538 Thread 0x0000000002700800 Exception <a 'java/lang/ClassNotFoundException': TreeCell> (0x00000000ebe841e8) thrown at [C:\re\workspace\8-2-build-windows-amd64-cygwin\jdk8u111\7883\hotspot\src\share\vm\classfile\systemDictionary.cpp, line 210]
Event: 0.539 Thread 0x0000000002700800 Exception <a 'java/lang/ClassNotFoundException': RootPane> (0x00000000ebe84c48) thrown at [C:\re\workspace\8-2-build-windows-amd64-cygwin\jdk8u111\7883\hotspot\src\share\vm\classfile\systemDictionary.cpp, line 210]
Event: 4.535 Thread 0x000000001646b000 Exception <a 'java/lang/NoClassDefFoundError': com/sun/jna/Platform> (0x00000000ebbaa368) thrown at [C:\re\workspace\8-2-build-windows-amd64-cygwin\jdk8u111\7883\hotspot\src\share\vm\classfile\systemDictionary.cpp, line 199]

Events (10 events):
Event: 4.811 loading class javax/swing/event/InternalFrameEvent
Event: 4.811 loading class javax/swing/event/InternalFrameEvent done
Event: 4.844 loading class javax/swing/plaf/synth/SynthGraphicsUtils$SynthIconWrapper
Event: 4.844 loading class javax/swing/plaf/synth/SynthGraphicsUtils$SynthIconWrapper done
Event: 4.853 loading class javax/swing/RepaintManager$3
Event: 4.854 loading class javax/swing/RepaintManager$3 done
Event: 4.877 loading class javax/swing/plaf/nimbus/InternalFrameTitlePaneMenuButtonPainter
Event: 4.877 loading class javax/swing/plaf/nimbus/InternalFrameTitlePaneMenuButtonPainter done
Event: 4.913 Thread 0x000000001646b000 DEOPT PACKING pc=0x0000000002b62ed4 sp=0x000000001765ad10
Event: 4.913 Thread 0x000000001646b000 DEOPT UNPACKING pc=0x000000000284747f sp=0x000000001765aa20 mode 0


Dynamic libraries:
0x00007ff686ee0000 - 0x00007ff686f17000 	C:\Program Files\Java\jdk1.8.0_111\bin\java.exe
0x00007ffb5bcb0000 - 0x00007ffb5bea7000 	C:\Windows\SYSTEM32\ntdll.dll
0x00007ffb5adb0000 - 0x00007ffb5ae6d000 	C:\Windows\System32\KERNEL32.DLL
0x00007ffb59390000 - 0x00007ffb59686000 	C:\Windows\System32\KERNELBASE.dll
0x00007ffb59ec0000 - 0x00007ffb59f6e000 	C:\Windows\System32\ADVAPI32.dll
0x00007ffb5a020000 - 0x00007ffb5a0be000 	C:\Windows\System32\msvcrt.dll
0x00007ffb5afa0000 - 0x00007ffb5b03c000 	C:\Windows\System32\sechost.dll
0x00007ffb5b180000 - 0x00007ffb5b2a6000 	C:\Windows\System32\RPCRT4.dll
0x00007ffb5aac0000 - 0x00007ffb5ac5e000 	C:\Windows\System32\USER32.dll
0x00007ffb599e0000 - 0x00007ffb59a02000 	C:\Windows\System32\win32u.dll
0x00007ffb5b390000 - 0x00007ffb5b3bc000 	C:\Windows\System32\GDI32.dll
0x00007ffb59bf0000 - 0x00007ffb59d0a000 	C:\Windows\System32\gdi32full.dll
0x00007ffb59940000 - 0x00007ffb599dd000 	C:\Windows\System32\msvcp_win.dll
0x00007ffb59a40000 - 0x00007ffb59b40000 	C:\Windows\System32\ucrtbase.dll
0x00007ffb3f8d0000 - 0x00007ffb3fb6a000 	C:\Windows\WinSxS\amd64_microsoft.windows.common-controls_6595b64144ccf1df_6.0.19041.3570_none_60bb2a3971f3e41a\COMCTL32.dll
0x00007ffb5b3c0000 - 0x00007ffb5b3f0000 	C:\Windows\System32\IMM32.DLL
0x00000000655d0000 - 0x00000000656a2000 	C:\Program Files\Java\jdk1.8.0_111\jre\bin\msvcr100.dll
0x00000000656b0000 - 0x0000000065f4a000 	C:\Program Files\Java\jdk1.8.0_111\jre\bin\server\jvm.dll
0x00007ffb5b3f0000 - 0x00007ffb5b3f8000 	C:\Windows\System32\PSAPI.DLL
0x00007ffb3c640000 - 0x00007ffb3c649000 	C:\Windows\SYSTEM32\WSOCK32.dll
0x00007ffb5b110000 - 0x00007ffb5b17b000 	C:\Windows\System32\WS2_32.dll
0x00007ffb3b1e0000 - 0x00007ffb3b207000 	C:\Windows\SYSTEM32\WINMM.dll
0x00007ffb4f1f0000 - 0x00007ffb4f1fa000 	C:\Windows\SYSTEM32\VERSION.dll
0x0000000065580000 - 0x000000006558f000 	C:\Program Files\Java\jdk1.8.0_111\jre\bin\verify.dll
0x0000000065550000 - 0x0000000065579000 	C:\Program Files\Java\jdk1.8.0_111\jre\bin\java.dll
0x0000000065530000 - 0x0000000065546000 	C:\Program Files\Java\jdk1.8.0_111\jre\bin\zip.dll
0x00007ffb5b520000 - 0x00007ffb5bc64000 	C:\Windows\System32\SHELL32.dll
0x00007ffb56fb0000 - 0x00007ffb5774b000 	C:\Windows\SYSTEM32\windows.storage.dll
0x00007ffb5a5a0000 - 0x00007ffb5a8f4000 	C:\Windows\System32\combase.dll
0x00007ffb58d00000 - 0x00007ffb58d2d000 	C:\Windows\SYSTEM32\Wldp.dll
0x00007ffb5a900000 - 0x00007ffb5a9ad000 	C:\Windows\System32\SHCORE.dll
0x00007ffb5aa40000 - 0x00007ffb5aa95000 	C:\Windows\System32\shlwapi.dll
0x00007ffb592c0000 - 0x00007ffb592e5000 	C:\Windows\SYSTEM32\profapi.dll
0x0000000065350000 - 0x00000000654e8000 	C:\Program Files\Java\jdk1.8.0_111\jre\bin\awt.dll
0x00007ffb5b040000 - 0x00007ffb5b10d000 	C:\Windows\System32\OLEAUT32.dll
0x00007ffb56710000 - 0x00007ffb567a0000 	C:\Windows\SYSTEM32\apphelp.dll
0x00007ffb56810000 - 0x00007ffb568ae000 	C:\Windows\system32\uxtheme.dll
0x00007ffb5b400000 - 0x00007ffb5b514000 	C:\Windows\System32\MSCTF.dll
0x00007ffb5ae70000 - 0x00007ffb5af9b000 	C:\Windows\System32\ole32.dll
0x00007ffb57c10000 - 0x00007ffb57c22000 	C:\Windows\SYSTEM32\kernel.appcore.dll
0x00007ffb59750000 - 0x00007ffb597d2000 	C:\Windows\System32\bcryptPrimitives.dll
0x00007ffb56bd0000 - 0x00007ffb56bff000 	C:\Windows\system32\DWMAPI.DLL
0x0000000065300000 - 0x0000000065347000 	C:\Program Files\Java\jdk1.8.0_111\jre\bin\fontmanager.dll
0x0000000065510000 - 0x000000006552a000 	C:\Program Files\Java\jdk1.8.0_111\jre\bin\net.dll
0x00007ffb58a60000 - 0x00007ffb58aca000 	C:\Windows\system32\mswsock.dll
0x00000000654f0000 - 0x0000000065501000 	C:\Program Files\Java\jdk1.8.0_111\jre\bin\nio.dll
0x00000000652b0000 - 0x00000000652f2000 	C:\Program Files\Java\jdk1.8.0_111\jre\bin\t2k.dll
0x00007ffb491c0000 - 0x00007ffb492ba000 	C:\Windows\SYSTEM32\textinputframework.dll
0x00007ffb55970000 - 0x00007ffb55ccb000 	C:\Windows\System32\CoreUIComponents.dll
0x00007ffb560b0000 - 0x00007ffb561a2000 	C:\Windows\System32\CoreMessaging.dll
0x00007ffb58490000 - 0x00007ffb584c3000 	C:\Windows\SYSTEM32\ntmarta.dll
0x00007ffb54890000 - 0x00007ffb549e5000 	C:\Windows\SYSTEM32\wintypes.dll
0x00007ffb3b3c0000 - 0x00007ffb3b426000 	C:\Windows\system32\Oleacc.dll
0x0000000065270000 - 0x000000006529a000 	C:\Program Files\Java\jdk1.8.0_111\jre\bin\dcpr.dll
0x00007ffb58790000 - 0x00007ffb5885a000 	C:\Windows\SYSTEM32\DNSAPI.dll
0x00007ffb58750000 - 0x00007ffb5878b000 	C:\Windows\SYSTEM32\IPHLPAPI.DLL
0x00007ffb5acc0000 - 0x00007ffb5acc8000 	C:\Windows\System32\NSI.dll
0x00007ffb455f0000 - 0x00007ffb455fa000 	C:\Windows\System32\rasadhlp.dll
0x00007ffb45780000 - 0x00007ffb45802000 	C:\Windows\System32\fwpuclnt.dll
0x00007ffb59a10000 - 0x00007ffb59a37000 	C:\Windows\System32\bcrypt.dll
0x00007ffb59f70000 - 0x00007ffb5a019000 	C:\Windows\System32\clbcatq.dll
0x00007ffb526c0000 - 0x00007ffb52874000 	C:\Windows\SYSTEM32\WindowsCodecs.dll
0x00007ffb39050000 - 0x00007ffb3908e000 	C:\Windows\system32\dataexchange.dll
0x00007ffb54e50000 - 0x00007ffb550b3000 	C:\Windows\system32\d3d11.dll
0x00007ffb556d0000 - 0x00007ffb558b3000 	C:\Windows\system32\dcomp.dll
0x00007ffb57c30000 - 0x00007ffb57d23000 	C:\Windows\system32\dxgi.dll
0x00007ffb52a30000 - 0x00007ffb52c37000 	C:\Windows\system32\twinapi.appcore.dll

VM Arguments:
jvm_args: -Dfile.encoding=UTF-8 
java_command: Vistas.menuprincipal
java_class_path (initial): C:\Users\bmt\Downloads\mariadb-java-client-3.0.11.jar;C:\Users\bmt\Downloads\jcalendar-1.4\lib\jcalendar-1.4.jar;C:\Users\bmt\Documents\NetBeansProjects\elgranhotel\build\classes
Launcher Type: SUN_STANDARD

Environment Variables:
PATH=C:\Program Files (x86)\Common Files\Oracle\Java\javapath;C:\Windows\system32;C:\Windows;C:\Windows\System32\Wbem;C:\Windows\System32\WindowsPowerShell\v1.0\;C:\Windows\System32\OpenSSH\;C:\Program Files\Git\cmd;C:\Users\bmt\AppData\Local\Microsoft\WindowsApps;C:\Users\bmt\AppData\Local\GitHubDesktop\bin
USERNAME=bmt
OS=Windows_NT
PROCESSOR_IDENTIFIER=Intel64 Family 6 Model 122 Stepping 8, GenuineIntel



---------------  S Y S T E M  ---------------

OS: Windows 10.0 , 64 bit Build 19041 (10.0.19041.3570)

CPU:total 2 (2 cores per cpu, 1 threads per core) family 6 model 122 stepping 8, cmov, cx8, fxsr, mmx, sse, sse2, sse3, ssse3, sse4.1, sse4.2, popcnt, aes, clmul, erms, 3dnowpref, tsc, tscinvbit

Memory: 4k page, physical 3991884k(326340k free), swap 11462216k(2860k free)

vm_info: Java HotSpot(TM) 64-Bit Server VM (25.111-b14) for windows-amd64 JRE (1.8.0_111-b14), built on Sep 22 2016 19:24:05 by "java_re" with MS VC++ 10.0 (VS2010)

time: Mon Oct 30 05:29:30 2023
elapsed time: 6 seconds (0d 0h 0m 6s)

